platforms/android/app/build/intermediates/manifest_merge_blame_file/debug/manifest-merger-blame-debug-report.txt
1<?xml version="1.0" encoding="utf-8"?>
2<manifest xmlns:android="http://schemas.android.com/apk/res/android"
3    package="com.healthcare.dod"
4    android:hardwareAccelerated="true"
5    android:versionCode="10000"
6    android:versionName="1.0.0" >
7
8    <uses-sdk
9        android:minSdkVersion="22"
9-->src\main\AndroidManifest.xml
10        android:targetSdkVersion="32" />
10-->src\main\AndroidManifest.xml
11
12    <supports-screens
12-->src\main\AndroidManifest.xml:3:5-191
13        android:anyDensity="true"
13-->src\main\AndroidManifest.xml:3:23-48
14        android:largeScreens="true"
14-->src\main\AndroidManifest.xml:3:49-76
15        android:normalScreens="true"
15-->src\main\AndroidManifest.xml:3:77-105
16        android:resizeable="true"
16-->src\main\AndroidManifest.xml:3:106-131
17        android:smallScreens="true"
17-->src\main\AndroidManifest.xml:3:132-159
18        android:xlargeScreens="true" />
18-->src\main\AndroidManifest.xml:3:160-188
19
20    <uses-permission android:name="android.permission.INTERNET" />
20-->src\main\AndroidManifest.xml:4:5-67
20-->src\main\AndroidManifest.xml:4:22-64
21    <uses-permission android:name="android.permission.RECORD_AUDIO" />
21-->src\main\AndroidManifest.xml:16:5-71
21-->src\main\AndroidManifest.xml:16:22-68
22    <uses-permission android:name="android.permission.WRITE_EXTERNAL_STORAGE" />
22-->src\main\AndroidManifest.xml:17:5-81
22-->src\main\AndroidManifest.xml:17:22-78
23
24    <queries>
24-->src\main\AndroidManifest.xml:18:5-32:15
25        <intent>
25-->src\main\AndroidManifest.xml:19:9-21:18
26            <action android:name="android.media.action.IMAGE_CAPTURE" />
26-->src\main\AndroidManifest.xml:20:13-73
26-->src\main\AndroidManifest.xml:20:21-70
27        </intent>
28        <intent>
28-->src\main\AndroidManifest.xml:22:9-24:18
29            <action android:name="android.intent.action.GET_CONTENT" />
29-->src\main\AndroidManifest.xml:23:13-72
29-->src\main\AndroidManifest.xml:23:21-69
30        </intent>
31        <intent>
31-->src\main\AndroidManifest.xml:25:9-27:18
32            <action android:name="android.intent.action.PICK" />
32-->src\main\AndroidManifest.xml:26:13-65
32-->src\main\AndroidManifest.xml:26:21-62
33        </intent>
34        <intent>
34-->src\main\AndroidManifest.xml:28:9-31:18
35            <action android:name="com.android.camera.action.CROP" />
35-->src\main\AndroidManifest.xml:29:13-69
35-->src\main\AndroidManifest.xml:29:21-66
36
37            <data
37-->src\main\AndroidManifest.xml:30:13-73
38                android:mimeType="image/*"
38-->src\main\AndroidManifest.xml:30:19-45
39                android:scheme="content" />
39-->src\main\AndroidManifest.xml:30:46-70
40        </intent>
41    </queries>
42
43    <uses-permission android:name="android.permission.MODIFY_AUDIO_SETTINGS" />
43-->src\main\AndroidManifest.xml:33:5-80
43-->src\main\AndroidManifest.xml:33:22-77
44    <uses-permission android:name="android.permission.ACCESS_NETWORK_STATE" />
44-->src\main\AndroidManifest.xml:34:5-79
44-->src\main\AndroidManifest.xml:34:22-76
45    <uses-permission android:name="android.permission.VIBRATE" />
45-->src\main\AndroidManifest.xml:35:5-66
45-->src\main\AndroidManifest.xml:35:22-63
46    <uses-permission android:name="android.webkit.PermissionRequest" />
46-->src\main\AndroidManifest.xml:36:5-72
46-->src\main\AndroidManifest.xml:36:22-69
47    <uses-permission android:name="android.permission.ACCESS_WIFI_STATE" />
47-->src\main\AndroidManifest.xml:37:5-76
47-->src\main\AndroidManifest.xml:37:22-73
48    <uses-permission android:name="android.permission.CAMERA" />
48-->src\main\AndroidManifest.xml:38:5-65
48-->src\main\AndroidManifest.xml:38:22-62
49
50    <uses-feature android:name="android.hardware.camera" />
50-->src\main\AndroidManifest.xml:39:5-60
50-->src\main\AndroidManifest.xml:39:19-57
51    <uses-feature android:name="android.hardware.camera.autofocus" />
51-->src\main\AndroidManifest.xml:40:5-70
51-->src\main\AndroidManifest.xml:40:19-67
52
53    <uses-permission android:name="android.permission.READ_EXTERNAL_STORAGE" />
53-->src\main\AndroidManifest.xml:41:5-80
53-->src\main\AndroidManifest.xml:41:22-77
54
55    <application
55-->src\main\AndroidManifest.xml:5:5-15:19
56        android:appComponentFactory="androidx.core.app.CoreComponentFactory"
56-->[androidx.core:core:1.7.0] AndroidManifest.xml:24:18-86
57        android:debuggable="true"
58        android:hardwareAccelerated="true"
58-->src\main\AndroidManifest.xml:5:18-52
59        android:icon="@mipmap/ic_launcher"
59-->src\main\AndroidManifest.xml:5:53-87
60        android:label="@string/app_name"
60-->src\main\AndroidManifest.xml:5:88-120
61        android:supportsRtl="true" >
61-->src\main\AndroidManifest.xml:5:121-147
62        <activity
62-->src\main\AndroidManifest.xml:6:9-11:20
63            android:name="com.healthcare.dod.MainActivity"
63-->src\main\AndroidManifest.xml:6:229-256
64            android:configChanges="orientation|keyboardHidden|keyboard|screenSize|locale|smallestScreenSize|screenLayout|uiMode"
64-->src\main\AndroidManifest.xml:6:19-135
65            android:exported="true"
65-->src\main\AndroidManifest.xml:6:136-159
66            android:label="@string/activity_name"
66-->src\main\AndroidManifest.xml:6:160-197
67            android:launchMode="singleTop"
67-->src\main\AndroidManifest.xml:6:198-228
68            android:theme="@style/Theme.App.SplashScreen"
68-->src\main\AndroidManifest.xml:6:257-302
69            android:windowSoftInputMode="adjustResize" >
69-->src\main\AndroidManifest.xml:6:303-345
70            <intent-filter android:label="@string/launcher_name" >
70-->src\main\AndroidManifest.xml:7:13-10:29
70-->src\main\AndroidManifest.xml:7:28-65
71                <action android:name="android.intent.action.MAIN" />
71-->src\main\AndroidManifest.xml:8:17-69
71-->src\main\AndroidManifest.xml:8:25-66
72
73                <category android:name="android.intent.category.LAUNCHER" />
73-->src\main\AndroidManifest.xml:9:17-77
73-->src\main\AndroidManifest.xml:9:27-74
74            </intent-filter>
75        </activity>
76
77        <provider
78            android:name="org.apache.cordova.camera.FileProvider"
78-->src\main\AndroidManifest.xml:12:149-202
79            android:authorities="com.healthcare.dod.cordova.plugin.camera.provider"
79-->src\main\AndroidManifest.xml:12:19-88
80            android:exported="false"
80-->src\main\AndroidManifest.xml:12:89-113
81            android:grantUriPermissions="true" >
81-->src\main\AndroidManifest.xml:12:114-148
82            <meta-data
82-->src\main\AndroidManifest.xml:13:13-123
83                android:name="android.support.FILE_PROVIDER_PATHS"
83-->src\main\AndroidManifest.xml:13:24-74
84                android:resource="@xml/camera_provider_paths" />
84-->src\main\AndroidManifest.xml:13:75-120
85        </provider>
86        <provider
86-->[androidx.emoji2:emoji2:1.0.0] AndroidManifest.xml:26:9-34:20
87            android:name="androidx.startup.InitializationProvider"
87-->[androidx.emoji2:emoji2:1.0.0] AndroidManifest.xml:27:13-67
88            android:authorities="com.healthcare.dod.androidx-startup"
88-->[androidx.emoji2:emoji2:1.0.0] AndroidManifest.xml:28:13-68
89            android:exported="false" >
89-->[androidx.emoji2:emoji2:1.0.0] AndroidManifest.xml:29:13-37
90            <meta-data
90-->[androidx.emoji2:emoji2:1.0.0] AndroidManifest.xml:31:13-33:52
91                android:name="androidx.emoji2.text.EmojiCompatInitializer"
91-->[androidx.emoji2:emoji2:1.0.0] AndroidManifest.xml:32:17-75
92                android:value="androidx.startup" />
92-->[androidx.emoji2:emoji2:1.0.0] AndroidManifest.xml:33:17-49
93            <meta-data
93-->[androidx.lifecycle:lifecycle-process:2.4.0] AndroidManifest.xml:31:13-33:52
94                android:name="androidx.lifecycle.ProcessLifecycleInitializer"
94-->[androidx.lifecycle:lifecycle-process:2.4.0] AndroidManifest.xml:32:17-78
95                android:value="androidx.startup" />
95-->[androidx.lifecycle:lifecycle-process:2.4.0] AndroidManifest.xml:33:17-49
96        </provider>
97    </application>
98
99</manifest>